\BOOKMARK [-1][-]{part.1}{\376\377\000I\000\040\000C\000l\000a\000s\000s\000i\000c\000a\000l\000\040\000M\000e\000c\000h\000a\000n\000i\000c\000s}{}% 1
\BOOKMARK [0][-]{chapter.1}{\376\377\173\054\116\000\172\340\000\040\000\040\122\233\060\001\124\021\221\317\116\016\166\364\176\277\217\320\122\250}{part.1}% 2
\BOOKMARK [1][-]{section.1.1}{\376\377\122\233}{chapter.1}% 3
\BOOKMARK [2][-]{subsection.1.1.1}{\376\377\122\233\166\204\151\202\137\365}{section.1.1}% 4
\BOOKMARK [2][-]{subsection.1.1.2}{\376\377\221\315\122\233}{section.1.1}% 5
\BOOKMARK [2][-]{subsection.1.1.3}{\376\377\137\071\122\233}{section.1.1}% 6
\BOOKMARK [2][-]{subsection.1.1.4}{\376\377\200\341\121\113\133\232\137\213}{section.1.1}% 7
\BOOKMARK [2][-]{subsection.1.1.5}{\376\377\144\151\144\346\122\233}{section.1.1}% 8
\BOOKMARK [2][-]{subsection.1.1.6}{\376\377\162\133\230\177\173\054\116\011\133\232\137\213}{section.1.1}% 9
\BOOKMARK [2][-]{subsection.1.1.7}{\376\377\122\233\166\204\124\010\142\020\116\016\122\006\211\343}{section.1.1}% 10
\BOOKMARK [1][-]{section.1.2}{\376\377\124\021\221\317}{chapter.1}% 11
\BOOKMARK [2][-]{subsection.1.2.1}{\376\377\124\021\221\317\166\204\122\240\121\317\211\304\122\031}{section.1.2}% 12
\BOOKMARK [2][-]{subsection.1.2.2}{\376\377\124\021\221\317\116\016\145\160\166\204\116\130\154\325}{section.1.2}% 13
\BOOKMARK [2][-]{subsection.1.2.3}{\376\377\117\177\165\050\172\172\225\364\166\364\211\322\127\120\150\007\174\373\173\200\123\026\124\021\221\317\166\204\176\277\140\047\217\320\173\227}{section.1.2}% 14
\BOOKMARK [2][-]{subsection.1.2.4}{\376\377\124\021\221\317\166\204\142\225\137\161}{section.1.2}% 15
\BOOKMARK [2][-]{subsection.1.2.5}{\376\377\145\260\133\232\116\111\000-\160\271\116\130}{section.1.2}% 16
\BOOKMARK [2][-]{subsection.1.2.6}{\376\377\145\160\221\317\171\357\166\204\127\120\150\007\210\150\171\072}{section.1.2}% 17
\BOOKMARK [2][-]{subsection.1.2.7}{\376\377\145\260\133\232\116\111\000-\123\311\116\130}{section.1.2}% 18
\BOOKMARK [2][-]{subsection.1.2.8}{\376\377\124\021\221\317\171\357\166\204\127\120\150\007\210\150\171\072}{section.1.2}% 19
\BOOKMARK [1][-]{section.1.3}{\376\377\166\364\176\277\217\320\122\250}{chapter.1}% 20
\BOOKMARK [2][-]{subsection.1.3.1}{\376\377\147\072\150\260\217\320\122\250}{section.1.3}% 21
\BOOKMARK [2][-]{subsection.1.3.2}{\376\377\215\050\160\271}{section.1.3}% 22
\BOOKMARK [2][-]{subsection.1.3.3}{\376\377\117\115\177\156\124\214\117\115\171\373}{section.1.3}% 23
\BOOKMARK [2][-]{subsection.1.3.4}{\376\377\123\000\220\037\166\364\176\277\217\320\122\250\000\040\220\037\136\246}{section.1.3}% 24
\BOOKMARK [2][-]{subsection.1.3.5}{\376\377\123\000\220\037\166\364\176\277\217\320\122\250\166\204\126\376\120\317}{section.1.3}% 25
\BOOKMARK [2][-]{subsection.1.3.6}{\376\377\123\330\220\037\166\364\176\277\217\320\122\250}{section.1.3}% 26
\BOOKMARK [2][-]{subsection.1.3.7}{\376\377\123\000\123\330\220\037\166\364\176\277\217\320\122\250\000\040\122\240\220\037\136\246}{section.1.3}% 27
\BOOKMARK [2][-]{subsection.1.3.8}{\376\377\123\000\123\330\220\037\166\364\176\277\217\320\122\250\166\204\220\037\136\246}{section.1.3}% 28
\BOOKMARK [2][-]{subsection.1.3.9}{\376\377\123\000\123\330\220\037\166\364\176\277\217\320\122\250\166\204\117\115\171\373}{section.1.3}% 29
\BOOKMARK [2][-]{subsection.1.3.10}{\376\377\201\352\165\061\204\075\117\123\217\320\122\250}{section.1.3}% 30
\BOOKMARK [2][-]{subsection.1.3.11}{\376\377\172\326\166\364\116\012\142\233\217\320\122\250}{section.1.3}% 31
\BOOKMARK [0][-]{chapter.2}{\376\377\173\054\116\214\172\340\000\040\000\040\162\133\230\177\217\320\122\250\133\232\137\213\060\001\146\362\176\277\217\320\122\250\116\016\116\007\147\011\137\025\122\233\133\232\137\213}{part.1}% 32
\BOOKMARK [1][-]{section.2.1}{\376\377\162\133\230\177\217\320\122\250\133\232\137\213}{chapter.2}% 33
\BOOKMARK [2][-]{subsection.2.1.1}{\376\377\162\133\230\177\173\054\116\000\133\232\137\213}{section.2.1}% 34
\BOOKMARK [2][-]{subsection.2.1.2}{\376\377\162\133\230\177\173\054\116\214\133\232\137\213}{section.2.1}% 35
\BOOKMARK [1][-]{section.2.2}{\376\377\146\362\176\277\217\320\122\250}{chapter.2}% 36
\BOOKMARK [2][-]{subsection.2.2.1}{\376\377\136\163\142\233\162\151\117\123\166\204\217\320\122\250}{section.2.2}% 37
\BOOKMARK [2][-]{subsection.2.2.2}{\376\377\145\234\142\233\162\151\117\123\166\204\217\320\122\250}{section.2.2}% 38
\BOOKMARK [2][-]{subsection.2.2.3}{\376\377\123\000\220\037\127\006\124\150\217\320\122\250}{section.2.2}% 39
\BOOKMARK [1][-]{section.2.3}{\376\377\116\007\147\011\137\025\122\233\133\232\137\213}{chapter.2}% 40
\BOOKMARK [2][-]{subsection.2.3.1}{\376\377\137\000\146\156\122\322\166\204\116\011\116\052\133\232\137\213}{section.2.3}% 41
\BOOKMARK [2][-]{subsection.2.3.2}{\376\377\116\007\147\011\137\025\122\233\133\232\137\213}{section.2.3}% 42
\BOOKMARK [2][-]{subsection.2.3.3}{\376\377\133\207\133\231\220\037\136\246}{section.2.3}% 43
\BOOKMARK [0][-]{chapter.3}{\376\377\173\054\116\011\172\340\000\040\000\040\147\072\150\260\200\375\116\016\122\250\221\317}{part.1}% 44
\BOOKMARK [1][-]{section.3.1}{\376\377\147\072\150\260\200\375}{chapter.3}% 45
\BOOKMARK [2][-]{subsection.3.1.1}{\376\377\122\237}{section.3.1}% 46
\BOOKMARK [2][-]{subsection.3.1.2}{\376\377\122\250\200\375\133\232\164\006}{section.3.1}% 47
\BOOKMARK [2][-]{subsection.3.1.3}{\376\377\122\277\200\375\000\050\000P\000o\000t\000e\000n\000t\000i\000a\000l\000\051}{section.3.1}% 48
\BOOKMARK [1][-]{section.3.2}{\376\377\122\250\221\317}{chapter.3}% 49
\BOOKMARK [2][-]{subsection.3.2.1}{\376\377\122\250\221\317\133\232\164\006}{section.3.2}% 50
\BOOKMARK [2][-]{subsection.3.2.2}{\376\377\122\250\221\317\133\210\140\122\133\232\164\006}{section.3.2}% 51
\BOOKMARK [1][-]{section.3.3}{\376\377\170\260\144\236}{chapter.3}% 52
\BOOKMARK [2][-]{subsection.3.3.1}{\376\377\170\260\144\236\166\204\122\006\174\173}{section.3.3}% 53
\BOOKMARK [2][-]{subsection.3.3.2}{\376\377\116\044\122\032\140\047\164\003\137\071\140\047\153\143\170\260\124\016\166\204\220\037\136\246}{section.3.3}% 54
\BOOKMARK [0][-]{chapter.4}{\376\377\173\054\126\333\172\340\000\040\000\040\147\072\150\260\143\057\122\250\124\214\147\072\150\260\154\342}{part.1}% 55
\BOOKMARK [1][-]{section.4.1}{\376\377\147\072\150\260\143\057\122\250}{chapter.4}% 56
\BOOKMARK [2][-]{subsection.4.1.1}{\376\377\147\072\150\260\143\057\122\250}{section.4.1}% 57
\BOOKMARK [2][-]{subsection.4.1.2}{\376\377\210\150\137\201\143\057\122\250\166\204\162\151\164\006\221\317}{section.4.1}% 58
\BOOKMARK [2][-]{subsection.4.1.3}{\376\377\173\200\214\020\143\057\122\250}{section.4.1}% 59
\BOOKMARK [2][-]{subsection.4.1.4}{\376\377\166\370\124\214\166\370\135\356}{section.4.1}% 60
\BOOKMARK [2][-]{subsection.4.1.5}{\376\377\226\073\134\074\143\057\122\250}{section.4.1}% 61
\BOOKMARK [2][-]{subsection.4.1.6}{\376\377\123\327\217\353\143\057\122\250\124\214\121\161\143\057}{section.4.1}% 62
\BOOKMARK [1][-]{section.4.2}{\376\377\147\072\150\260\154\342}{chapter.4}% 63
\BOOKMARK [2][-]{subsection.4.2.1}{\376\377\147\072\150\260\154\342\123\312\121\166\122\006\174\173}{section.4.2}% 64
\BOOKMARK [2][-]{subsection.4.2.2}{\376\377\147\072\150\260\154\342\166\204\127\372\147\054\134\136\140\047}{section.4.2}% 65
\BOOKMARK [2][-]{subsection.4.2.3}{\376\377\154\342\166\204\136\162\155\211}{section.4.2}% 66
\BOOKMARK [2][-]{subsection.4.2.4}{\376\377\154\342\166\204\210\115\134\004}{section.4.2}% 67
\BOOKMARK [-1][-]{part.2}{\376\377\000I\000I\000\040\000T\000h\000e\000r\000m\000o\000d\000y\000n\000a\000m\000i\000c\000s}{}% 68
\BOOKMARK [0][-]{chapter.5}{\376\377\173\054\116\224\172\340\000\040\000\040\160\355\122\233\133\146\127\372\170\100}{part.2}% 69
\BOOKMARK [1][-]{section.5.1}{\376\377\162\151\215\050\176\323\147\204\166\204\127\372\147\054\126\376\120\317}{chapter.5}% 70
\BOOKMARK [2][-]{subsection.5.1.1}{\376\377\162\151\215\050\122\006\133\120\131\004\116\216\116\015\120\134\230\177\166\204\145\340\211\304\122\031\217\320\122\250\162\266\140\001}{section.5.1}% 71
\BOOKMARK [2][-]{subsection.5.1.2}{\376\377\122\006\133\120\116\113\225\364\133\130\127\050\166\370\116\222\117\134\165\050}{section.5.1}% 72
\BOOKMARK [1][-]{section.5.2}{\376\377\156\051\136\246\116\016\156\051\150\007}{chapter.5}% 73
\BOOKMARK [2][-]{subsection.5.2.1}{\376\377\156\051\136\246\166\204\151\202\137\365}{section.5.2}% 74
\BOOKMARK [2][-]{subsection.5.2.2}{\376\377\156\051\136\246\166\370\124\014\166\204\122\044\133\232\123\237\122\031\040\024\040\024\160\355\122\233\133\146\173\054\226\366\133\232\137\213}{section.5.2}% 75
\BOOKMARK [2][-]{subsection.5.2.3}{\376\377\156\051\136\246\232\330\117\116\166\204\145\160\120\074\150\007\133\232\040\024\040\024\156\051\150\007}{section.5.2}% 76
\BOOKMARK [1][-]{section.5.3}{\376\377\162\151\117\123\166\204\121\205\200\375}{chapter.5}% 77
\BOOKMARK [2][-]{subsection.5.3.1}{\376\377\122\006\133\120\166\204\122\250\200\375}{section.5.3}% 78
\BOOKMARK [2][-]{subsection.5.3.2}{\376\377\162\151\117\123\166\204\121\205\200\375}{section.5.3}% 79
\BOOKMARK [1][-]{section.5.4}{\376\377\160\355\122\233\133\146\173\054\116\000\133\232\137\213}{chapter.5}% 80
\BOOKMARK [0][-]{chapter.6}{\376\377\173\054\121\155\172\340\000\040\000\040\154\024\117\123\060\001\155\262\117\123\124\214\126\372\117\123}{part.2}% 81
\BOOKMARK [1][-]{section.6.1}{\376\377\164\006\140\363\154\024\117\123\162\266\140\001\145\271\172\013}{chapter.6}% 82
\BOOKMARK [1][-]{section.6.2}{\376\377\126\372\117\123\124\214\155\262\117\123\166\204\140\047\215\050}{chapter.6}% 83
\BOOKMARK [2][-]{subsection.6.2.1}{\376\377\162\151\140\001\173\200\116\313}{section.6.2}% 84
\BOOKMARK [2][-]{subsection.6.2.2}{\376\377\126\372\117\123\166\204\140\047\215\050\173\200\116\313}{section.6.2}% 85
\BOOKMARK [2][-]{subsection.6.2.3}{\376\377\155\262\117\123\166\204\140\047\215\050\173\200\116\313}{section.6.2}% 86
\BOOKMARK [-1][-]{part.3}{\376\377\000I\000I\000I\000\040\000E\000l\000e\000c\000t\000r\000o\000m\000a\000g\000n\000e\000t\000i\000s\000m}{}% 87
\BOOKMARK [0][-]{chapter.7}{\376\377\173\054\116\003\172\340\000\040\000\040\227\131\165\065\127\072\166\204\127\372\147\054\211\304\137\213}{part.3}% 88
\BOOKMARK [1][-]{section.7.1}{\376\377\165\065\203\167}{chapter.7}% 89
\BOOKMARK [1][-]{section.7.2}{\376\377\136\223\116\321\133\232\137\213}{chapter.7}% 90
\BOOKMARK [2][-]{subsection.7.2.1}{\376\377\136\223\116\321\133\232\137\213}{section.7.2}% 91
\BOOKMARK [2][-]{subsection.7.2.2}{\376\377\232\330\145\257\133\371\165\065\203\167\166\204\133\232\221\317\143\242\175\042\123\312\232\330\145\257\122\066}{section.7.2}% 92
\BOOKMARK [2][-]{subsection.7.2.3}{\376\377\126\375\226\105\123\125\117\115\122\066\116\013\165\065\203\167\221\317\166\204\133\232\116\111}{section.7.2}% 93
\BOOKMARK [2][-]{subsection.7.2.4}{\376\377\136\223\116\321\133\232\137\213\166\204\167\342\221\317\137\142\137\017}{section.7.2}% 94
\BOOKMARK [2][-]{subsection.7.2.5}{\376\377\123\340\122\240\123\237\164\006}{section.7.2}% 95
\BOOKMARK [1][-]{section.7.3}{\376\377\227\131\165\065\127\072}{chapter.7}% 96
\BOOKMARK [2][-]{subsection.7.3.1}{\376\377\165\065\127\072\137\072\136\246}{section.7.3}% 97
\BOOKMARK [2][-]{subsection.7.3.2}{\376\377\165\065\127\072\176\277}{section.7.3}% 98
\BOOKMARK [2][-]{subsection.7.3.3}{\376\377\165\065\122\277\200\375\116\016\165\065\122\277}{section.7.3}% 99
\BOOKMARK [1][-]{section.7.4}{\376\377\227\131\165\065\127\072\116\055\166\204\133\374\117\123}{chapter.7}% 100
\BOOKMARK [2][-]{subsection.7.4.1}{\376\377\133\374\117\123\124\214\176\335\177\030\117\123}{section.7.4}% 101
\BOOKMARK [2][-]{subsection.7.4.2}{\376\377\227\131\165\065\127\072\116\055\166\204\133\374\117\123}{section.7.4}% 102
\BOOKMARK [2][-]{subsection.7.4.3}{\376\377\125\057\116\000\140\047\133\232\164\006\116\016\227\131\165\065\127\072\116\055\146\156\220\115\225\356\230\230\166\204\211\343\121\263}{section.7.4}% 103
\BOOKMARK [1][-]{section.7.5}{\376\377\165\065\133\271\126\150\000\040\165\065\133\271}{chapter.7}% 104
\BOOKMARK [2][-]{subsection.7.5.1}{\376\377\165\065\133\271\126\150}{section.7.5}% 105
\BOOKMARK [2][-]{subsection.7.5.2}{\376\377\165\065\133\271}{section.7.5}% 106
\BOOKMARK [2][-]{subsection.7.5.3}{\376\377\136\163\210\114\147\177\165\065\133\271\126\150\166\204\165\065\133\271}{section.7.5}% 107
\BOOKMARK [0][-]{chapter.8}{\376\377\173\054\121\153\172\340\000\040\000\040\172\063\140\122\165\065\155\101}{part.3}% 108
\BOOKMARK [1][-]{section.8.1}{\376\377\165\065\155\101}{chapter.8}% 109
\BOOKMARK [1][-]{section.8.2}{\376\377\153\047\131\306\133\232\137\213}{chapter.8}% 110
\BOOKMARK [1][-]{section.8.3}{\376\377\165\065\226\073\133\232\137\213\000\040\165\065\226\073\163\207}{chapter.8}% 111
\BOOKMARK [1][-]{section.8.4}{\376\377\165\065\122\237\124\214\165\065\122\237\163\207}{chapter.8}% 112
\BOOKMARK [1][-]{section.8.5}{\376\377\161\046\200\063\133\232\137\213}{chapter.8}% 113
\BOOKMARK [2][-]{subsection.8.5.1}{\376\377\161\046\200\063\133\232\137\213}{section.8.5}% 114
\BOOKMARK [2][-]{subsection.8.5.2}{\376\377\165\065\122\237\124\214\165\065\160\355\166\204\121\163\174\373}{section.8.5}% 115
\BOOKMARK [1][-]{section.8.6}{\376\377\116\062\200\124\116\016\136\166\200\124}{chapter.8}% 116
\BOOKMARK [2][-]{subsection.8.6.1}{\376\377\165\065\226\073\166\204\116\062\200\124}{section.8.6}% 117
\BOOKMARK [2][-]{subsection.8.6.2}{\376\377\165\065\226\073\166\204\136\166\200\124}{section.8.6}% 118
\BOOKMARK [1][-]{section.8.7}{\376\377\165\065\122\250\122\277\000\040\225\355\124\010\165\065\215\357\166\204\153\047\131\306\133\232\137\213}{chapter.8}% 119
\BOOKMARK [2][-]{subsection.8.7.1}{\376\377\165\065\156\220\116\016\165\065\122\250\122\277}{section.8.7}% 120
\BOOKMARK [2][-]{subsection.8.7.2}{\376\377\225\355\124\010\165\065\215\357\166\204\153\047\131\306\133\232\137\213}{section.8.7}% 121
\BOOKMARK [0][-]{chapter.9}{\376\377\173\054\116\135\172\340\000\040\000\040\170\301\127\072\116\016\165\065\170\301\141\037\136\224}{part.3}% 122
\BOOKMARK [1][-]{section.9.1}{\376\377\170\301\127\072\116\016\165\065\127\072\146\057\176\337\116\000\166\204}{chapter.9}% 123
\BOOKMARK [1][-]{section.9.2}{\376\377\170\301\127\072\166\204\117\134\165\050\122\233}{chapter.9}% 124
\BOOKMARK [1][-]{section.9.3}{\376\377\154\325\142\311\173\054\165\065\170\301\141\037\136\224\133\232\137\213}{chapter.9}% 125
\BOOKMARK [1][-]{section.9.4}{\376\377\136\224\165\050}{chapter.9}% 126
\BOOKMARK [2][-]{subsection.9.4.1}{\376\377\166\364\155\101\165\065\122\250\147\072\166\204\123\315\165\065\122\250\122\277}{section.9.4}% 127
\BOOKMARK [2][-]{subsection.9.4.2}{\376\377\201\352\141\037}{section.9.4}% 128
\BOOKMARK [0][-]{chapter.10}{\376\377\173\054\123\101\172\340\000\040\000\040\116\244\155\101\165\065\124\214\165\065\170\301\154\342}{part.3}% 129
\BOOKMARK [1][-]{section.10.1}{\376\377\116\244\155\101\165\065}{chapter.10}% 130
\BOOKMARK [2][-]{subsection.10.1.1}{\376\377\116\244\155\101\165\065\166\204\116\247\165\037}{section.10.1}% 131
\BOOKMARK [2][-]{subsection.10.1.2}{\376\377\116\244\155\101\165\065\166\204\147\011\145\110\120\074}{section.10.1}% 132
\BOOKMARK [1][-]{section.10.2}{\376\377\165\065\170\301\154\342}{chapter.10}% 133
